2023-07-21T10:30:11.616620+00:00 INFO 'ansible_navigator.setup_logger' New ansible-navigator instance, logging initialized
2023-07-21T10:30:11.616942+00:00 INFO 'ansible_navigator.setup_logger' New ansible-runner instance, logging initialized
2023-07-21T10:30:11.616974+00:00 DEBUG 'ansible_navigator.main' Jinja2==3.1.2 
2023-07-21T10:30:11.616994+00:00 DEBUG 'ansible_navigator.main' MarkupSafe==2.1.2 
2023-07-21T10:30:11.617013+00:00 DEBUG 'ansible_navigator.main' Parsley==1.3 
2023-07-21T10:30:11.617029+00:00 DEBUG 'ansible_navigator.main' PyYAML==6.0 
2023-07-21T10:30:11.617045+00:00 DEBUG 'ansible_navigator.main' Pygments==2.15.1 
2023-07-21T10:30:11.617067+00:00 DEBUG 'ansible_navigator.main' ansible-builder==3.0.0 
2023-07-21T10:30:11.617111+00:00 DEBUG 'ansible_navigator.main' ansible-compat==4.1.2 
2023-07-21T10:30:11.617137+00:00 DEBUG 'ansible_navigator.main' ansible-core==2.15.1 
2023-07-21T10:30:11.617153+00:00 DEBUG 'ansible_navigator.main' ansible-lint==6.17.2 
2023-07-21T10:30:11.617167+00:00 DEBUG 'ansible_navigator.main' ansible-navigator==3.4.0 
2023-07-21T10:30:11.617180+00:00 DEBUG 'ansible_navigator.main' ansible-runner==2.3.2 
2023-07-21T10:30:11.617209+00:00 DEBUG 'ansible_navigator.main' ansible==7.4.0 /Users/craig/.pyenv/versions/ansible_latest/lib/python3.11/site-packages/ansible/__init__.py
2023-07-21T10:30:11.617223+00:00 DEBUG 'ansible_navigator.main' attrs==23.1.0 /Users/craig/.pyenv/versions/ansible_latest/lib/python3.11/site-packages/attrs/__init__.py
2023-07-21T10:30:11.617236+00:00 DEBUG 'ansible_navigator.main' bindep==2.11.0 /Users/craig/.pyenv/versions/ansible_latest/lib/python3.11/site-packages/bindep/__init__.py
2023-07-21T10:30:11.617247+00:00 DEBUG 'ansible_navigator.main' black==23.3.0 /Users/craig/.pyenv/versions/ansible_latest/lib/python3.11/site-packages/black/__init__.cpython-311-darwin.so
2023-07-21T10:30:11.617260+00:00 DEBUG 'ansible_navigator.main' boto3==1.26.116 /Users/craig/.pyenv/versions/ansible_latest/lib/python3.11/site-packages/boto3/__init__.py
2023-07-21T10:30:11.617272+00:00 DEBUG 'ansible_navigator.main' botocore==1.29.116 /Users/craig/.pyenv/versions/ansible_latest/lib/python3.11/site-packages/botocore/__init__.py
2023-07-21T10:30:11.617283+00:00 DEBUG 'ansible_navigator.main' bracex==2.3.post1 /Users/craig/.pyenv/versions/ansible_latest/lib/python3.11/site-packages/bracex/__init__.py
2023-07-21T10:30:11.617295+00:00 DEBUG 'ansible_navigator.main' cachetools==5.3.0 /Users/craig/.pyenv/versions/ansible_latest/lib/python3.11/site-packages/cachetools/__init__.py
2023-07-21T10:30:11.617307+00:00 DEBUG 'ansible_navigator.main' certifi==2022.12.7 /Users/craig/.pyenv/versions/ansible_latest/lib/python3.11/site-packages/certifi/__init__.py
2023-07-21T10:30:11.617318+00:00 DEBUG 'ansible_navigator.main' cffi==1.15.1 /Users/craig/.pyenv/versions/ansible_latest/lib/python3.11/site-packages/cffi/__init__.py
2023-07-21T10:30:11.617330+00:00 DEBUG 'ansible_navigator.main' charset-normalizer==3.1.0 
2023-07-21T10:30:11.617341+00:00 DEBUG 'ansible_navigator.main' click==8.1.3 /Users/craig/.pyenv/versions/ansible_latest/lib/python3.11/site-packages/click/__init__.py
2023-07-21T10:30:11.617353+00:00 DEBUG 'ansible_navigator.main' cryptography==40.0.2 /Users/craig/.pyenv/versions/ansible_latest/lib/python3.11/site-packages/cryptography/__init__.py
2023-07-21T10:30:11.617364+00:00 DEBUG 'ansible_navigator.main' distro==1.8.0 /Users/craig/.pyenv/versions/ansible_latest/lib/python3.11/site-packages/distro/__init__.py
2023-07-21T10:30:11.617377+00:00 DEBUG 'ansible_navigator.main' docutils==0.19 /Users/craig/.pyenv/versions/ansible_latest/lib/python3.11/site-packages/docutils/__init__.py
2023-07-21T10:30:11.617388+00:00 DEBUG 'ansible_navigator.main' filelock==3.12.0 /Users/craig/.pyenv/versions/ansible_latest/lib/python3.11/site-packages/filelock/__init__.py
2023-07-21T10:30:11.617399+00:00 DEBUG 'ansible_navigator.main' google-auth==2.17.3 
2023-07-21T10:30:11.617411+00:00 DEBUG 'ansible_navigator.main' idna==3.4 /Users/craig/.pyenv/versions/ansible_latest/lib/python3.11/site-packages/idna/__init__.py
2023-07-21T10:30:11.617427+00:00 DEBUG 'ansible_navigator.main' jmespath==1.0.1 /Users/craig/.pyenv/versions/ansible_latest/lib/python3.11/site-packages/jmespath/__init__.py
2023-07-21T10:30:11.617437+00:00 DEBUG 'ansible_navigator.main' jsonschema==4.17.3 /Users/craig/.pyenv/versions/ansible_latest/lib/python3.11/site-packages/jsonschema/__init__.py
2023-07-21T10:30:11.617448+00:00 DEBUG 'ansible_navigator.main' lockfile==0.12.2 /Users/craig/.pyenv/versions/ansible_latest/lib/python3.11/site-packages/lockfile/__init__.py
2023-07-21T10:30:11.617459+00:00 DEBUG 'ansible_navigator.main' markdown-it-py==2.2.0 
2023-07-21T10:30:11.617469+00:00 DEBUG 'ansible_navigator.main' mdurl==0.1.2 /Users/craig/.pyenv/versions/ansible_latest/lib/python3.11/site-packages/mdurl/__init__.py
2023-07-21T10:30:11.617479+00:00 DEBUG 'ansible_navigator.main' mypy-extensions==1.0.0 
2023-07-21T10:30:11.617489+00:00 DEBUG 'ansible_navigator.main' onigurumacffi==1.2.0 /Users/craig/.pyenv/versions/ansible_latest/lib/python3.11/site-packages/onigurumacffi.py
2023-07-21T10:30:11.617499+00:00 DEBUG 'ansible_navigator.main' packaging==23.1 /Users/craig/.pyenv/versions/ansible_latest/lib/python3.11/site-packages/packaging/__init__.py
2023-07-21T10:30:11.617509+00:00 DEBUG 'ansible_navigator.main' passlib==1.7.4 /Users/craig/.pyenv/versions/ansible_latest/lib/python3.11/site-packages/passlib/__init__.py
2023-07-21T10:30:11.617520+00:00 DEBUG 'ansible_navigator.main' pathspec==0.11.1 /Users/craig/.pyenv/versions/ansible_latest/lib/python3.11/site-packages/pathspec/__init__.py
2023-07-21T10:30:11.617531+00:00 DEBUG 'ansible_navigator.main' pbr==5.11.1 /Users/craig/.pyenv/versions/ansible_latest/lib/python3.11/site-packages/pbr/__init__.py
2023-07-21T10:30:11.617606+00:00 DEBUG 'ansible_navigator.main' pexpect==4.8.0 /Users/craig/.pyenv/versions/ansible_latest/lib/python3.11/site-packages/pexpect/__init__.py
2023-07-21T10:30:11.617652+00:00 DEBUG 'ansible_navigator.main' pip==23.1.2 /Users/craig/.pyenv/versions/ansible_latest/lib/python3.11/site-packages/pip/__init__.py
2023-07-21T10:30:11.617669+00:00 DEBUG 'ansible_navigator.main' platformdirs==3.2.0 /Users/craig/.pyenv/versions/ansible_latest/lib/python3.11/site-packages/platformdirs/__init__.py
2023-07-21T10:30:11.617683+00:00 DEBUG 'ansible_navigator.main' ptyprocess==0.7.0 /Users/craig/.pyenv/versions/ansible_latest/lib/python3.11/site-packages/ptyprocess/__init__.py
2023-07-21T10:30:11.617696+00:00 DEBUG 'ansible_navigator.main' pyasn1-modules==0.3.0 
2023-07-21T10:30:11.617709+00:00 DEBUG 'ansible_navigator.main' pyasn1==0.5.0 /Users/craig/.pyenv/versions/ansible_latest/lib/python3.11/site-packages/pyasn1/__init__.py
2023-07-21T10:30:11.617722+00:00 DEBUG 'ansible_navigator.main' pycparser==2.21 /Users/craig/.pyenv/versions/ansible_latest/lib/python3.11/site-packages/pycparser/__init__.py
2023-07-21T10:30:11.617735+00:00 DEBUG 'ansible_navigator.main' pyrsistent==0.19.3 /Users/craig/.pyenv/versions/ansible_latest/lib/python3.11/site-packages/pyrsistent/__init__.py
2023-07-21T10:30:11.617748+00:00 DEBUG 'ansible_navigator.main' python-daemon==3.0.1 
2023-07-21T10:30:11.617760+00:00 DEBUG 'ansible_navigator.main' python-dateutil==2.8.2 
2023-07-21T10:30:11.617772+00:00 DEBUG 'ansible_navigator.main' requests==2.31.0 /Users/craig/.pyenv/versions/ansible_latest/lib/python3.11/site-packages/requests/__init__.py
2023-07-21T10:30:11.617784+00:00 DEBUG 'ansible_navigator.main' requirements-parser==0.5.0 
2023-07-21T10:30:11.617795+00:00 DEBUG 'ansible_navigator.main' resolvelib==0.8.1 /Users/craig/.pyenv/versions/ansible_latest/lib/python3.11/site-packages/resolvelib/__init__.py
2023-07-21T10:30:11.617807+00:00 DEBUG 'ansible_navigator.main' rich==13.3.4 /Users/craig/.pyenv/versions/ansible_latest/lib/python3.11/site-packages/rich/__init__.py
2023-07-21T10:30:11.617819+00:00 DEBUG 'ansible_navigator.main' rsa==4.9 /Users/craig/.pyenv/versions/ansible_latest/lib/python3.11/site-packages/rsa/__init__.py
2023-07-21T10:30:11.617831+00:00 DEBUG 'ansible_navigator.main' ruamel.yaml.clib==0.2.7 
2023-07-21T10:30:11.617856+00:00 DEBUG 'ansible_navigator.main' ruamel.yaml==0.17.26 /Users/craig/.pyenv/versions/ansible_latest/lib/python3.11/site-packages/ruamel/yaml/__init__.py
2023-07-21T10:30:11.617868+00:00 DEBUG 'ansible_navigator.main' s3transfer==0.6.0 /Users/craig/.pyenv/versions/ansible_latest/lib/python3.11/site-packages/s3transfer/__init__.py
2023-07-21T10:30:11.617880+00:00 DEBUG 'ansible_navigator.main' setuptools==65.5.0 /Users/craig/.pyenv/versions/ansible_latest/lib/python3.11/site-packages/setuptools/__init__.py
2023-07-21T10:30:11.617892+00:00 DEBUG 'ansible_navigator.main' six==1.16.0 /Users/craig/.pyenv/versions/ansible_latest/lib/python3.11/site-packages/six.py
2023-07-21T10:30:11.617903+00:00 DEBUG 'ansible_navigator.main' subprocess-tee==0.4.1 
2023-07-21T10:30:11.617915+00:00 DEBUG 'ansible_navigator.main' types-setuptools==67.6.0.8 
2023-07-21T10:30:11.617926+00:00 DEBUG 'ansible_navigator.main' tzdata==2023.3 /Users/craig/.pyenv/versions/ansible_latest/lib/python3.11/site-packages/tzdata/__init__.py
2023-07-21T10:30:11.617939+00:00 DEBUG 'ansible_navigator.main' urllib3==1.26.15 /Users/craig/.pyenv/versions/ansible_latest/lib/python3.11/site-packages/urllib3/__init__.py
2023-07-21T10:30:11.617951+00:00 DEBUG 'ansible_navigator.main' wcmatch==8.4.1 /Users/craig/.pyenv/versions/ansible_latest/lib/python3.11/site-packages/wcmatch/__init__.py
2023-07-21T10:30:11.617963+00:00 DEBUG 'ansible_navigator.main' yamllint==1.30.0 /Users/craig/.pyenv/versions/ansible_latest/lib/python3.11/site-packages/yamllint/__init__.py
2023-07-21T10:30:11.617975+00:00 DEBUG 'ansible_navigator.main' Default collection_doc_cache_path set to: /Users/craig/.cache/ansible-navigator/collection_doc_cache.db
2023-07-21T10:30:11.617986+00:00 DEBUG 'ansible_navigator.main' EDITOR environment variable not set
2023-07-21T10:30:11.617998+00:00 DEBUG 'ansible_navigator.main' Default editor_command set to: vi +{line_number} {filename}
2023-07-21T10:30:11.618010+00:00 DEBUG 'ansible_navigator.main' Found a config file at /Users/craig/.ansible_configs/pvt_ansible-navigator.yml set by ANSIBLE_NAVIGATOR_CONFIG
2023-07-21T10:30:11.618021+00:00 DEBUG 'ansible_navigator.main' Config file at /Users/craig/.ansible_configs/pvt_ansible-navigator.yml set by ANSIBLE_NAVIGATOR_CONFIG is viable
2023-07-21T10:30:11.618033+00:00 DEBUG 'ansible_navigator.main' Looking in /Users/craig
2023-07-21T10:30:11.618044+00:00 DEBUG 'ansible_navigator.main' Looking for '/Users/craig/.ansible-navigator.yml', '/Users/craig/.ansible-navigator.yaml' and '/Users/craig/.ansible-navigator.json'
2023-07-21T10:30:11.618055+00:00 DEBUG 'ansible_navigator.main' Found 0: 
2023-07-21T10:30:11.618067+00:00 DEBUG 'ansible_navigator.main' Looking in /Users/craig/demos/ansible/public_demos/demo_repo/demos/lightspeed_examples/infra
2023-07-21T10:30:11.618079+00:00 DEBUG 'ansible_navigator.main' Looking for '/Users/craig/demos/ansible/public_demos/demo_repo/demos/lightspeed_examples/infra/ansible-navigator.yml', '/Users/craig/demos/ansible/public_demos/demo_repo/demos/lightspeed_examples/infra/ansible-navigator.yaml' and '/Users/craig/demos/ansible/public_demos/demo_repo/demos/lightspeed_examples/infra/ansible-navigator.json'
2023-07-21T10:30:11.618090+00:00 DEBUG 'ansible_navigator.main' Found 0: 
2023-07-21T10:30:11.618102+00:00 DEBUG 'ansible_navigator.main' All found 0: 
2023-07-21T10:30:11.618112+00:00 DEBUG 'ansible_navigator.main' Using: None
2023-07-21T10:30:11.618125+00:00 DEBUG 'ansible_navigator.main' Using settings file at /Users/craig/.ansible_configs/pvt_ansible-navigator.yml set by ANSIBLE_NAVIGATOR_CONFIG
2023-07-21T10:30:11.618137+00:00 DEBUG 'ansible_navigator.main' Command provided: 'replay /tmp/install_packages-artifact.jsonccd -'
2023-07-21T10:30:11.618149+00:00 DEBUG 'ansible_navigator.main' ansible-navigator.ansible-runner.artifact-dir not found in settings file
2023-07-21T10:30:11.618162+00:00 DEBUG 'ansible_navigator.main' ansible-navigator.ansible-runner.rotate-artifacts-count not found in settings file
2023-07-21T10:30:11.618174+00:00 DEBUG 'ansible_navigator.main' ansible-navigator.ansible-runner.timeout not found in settings file
2023-07-21T10:30:11.618195+00:00 DEBUG 'ansible_navigator.main' ansible-navigator.ansible-runner.job-events not found in settings file
2023-07-21T10:30:11.618207+00:00 DEBUG 'ansible_navigator.main' ansible-navigator.app not found in settings file
2023-07-21T10:30:11.618219+00:00 DEBUG 'ansible_navigator.main' ansible-navigator.ansible.cmdline not found in settings file
2023-07-21T10:30:11.618231+00:00 DEBUG 'ansible_navigator.main' ansible-navigator.collection-doc-cache-path not found in settings file
2023-07-21T10:30:11.618242+00:00 DEBUG 'ansible_navigator.main' ansible-navigator.ansible.config.path not found in settings file
2023-07-21T10:30:11.618253+00:00 DEBUG 'ansible_navigator.main' ansible-navigator.execution-environment.container-options not found in settings file
2023-07-21T10:30:11.618264+00:00 DEBUG 'ansible_navigator.main' ansible-navigator.color.enable not found in settings file
2023-07-21T10:30:11.618276+00:00 DEBUG 'ansible_navigator.main' ansible-navigator.enable-prompts not found in settings file
2023-07-21T10:30:11.618287+00:00 DEBUG 'ansible_navigator.main' ansible-navigator.exec.command not found in settings file
2023-07-21T10:30:11.618298+00:00 DEBUG 'ansible_navigator.main' ansible-navigator.exec.shell not found in settings file
2023-07-21T10:30:11.618309+00:00 DEBUG 'ansible_navigator.main' ansible-navigator.execution-environment.volume-mounts not found in settings file
2023-07-21T10:30:11.618320+00:00 DEBUG 'ansible_navigator.main' ansible-navigator.format not found in settings file
2023-07-21T10:30:11.618331+00:00 DEBUG 'ansible_navigator.main' ansible-navigator.ansible-builder.help not found in settings file
2023-07-21T10:30:11.618343+00:00 DEBUG 'ansible_navigator.main' ansible-navigator.ansible.config.help not found in settings file
2023-07-21T10:30:11.618354+00:00 DEBUG 'ansible_navigator.main' ansible-navigator.ansible.doc.help not found in settings file
2023-07-21T10:30:11.618365+00:00 DEBUG 'ansible_navigator.main' ansible-navigator.ansible.inventory.help not found in settings file
2023-07-21T10:30:11.618375+00:00 DEBUG 'ansible_navigator.main' ansible-navigator.ansible.playbook.help not found in settings file
2023-07-21T10:30:11.618387+00:00 DEBUG 'ansible_navigator.main' ansible-navigator.images.details not found in settings file
2023-07-21T10:30:11.618397+00:00 DEBUG 'ansible_navigator.main' ansible-navigator.ansible.inventory.entries not found in settings file
2023-07-21T10:30:11.618409+00:00 DEBUG 'ansible_navigator.main' ansible-navigator.inventory-columns not found in settings file
2023-07-21T10:30:11.618419+00:00 DEBUG 'ansible_navigator.main' ansible-navigator.ansible-lint.config not found in settings file
2023-07-21T10:30:11.618431+00:00 DEBUG 'ansible_navigator.main' ansible-navigator.ansible-lint.lintables not found in settings file
2023-07-21T10:30:11.618441+00:00 DEBUG 'ansible_navigator.main' ansible-navigator.logging.append not found in settings file
2023-07-21T10:30:11.618453+00:00 DEBUG 'ansible_navigator.main' ansible-navigator.logging.level not found in settings file
2023-07-21T10:30:11.618464+00:00 DEBUG 'ansible_navigator.main' ansible-navigator.mode not found in settings file
2023-07-21T10:30:11.618475+00:00 DEBUG 'ansible_navigator.main' ansible-navigator.color.osc4 not found in settings file
2023-07-21T10:30:11.618487+00:00 DEBUG 'ansible_navigator.main' ansible-navigator.ansible.playbook.path not found in settings file
2023-07-21T10:30:11.618498+00:00 DEBUG 'ansible_navigator.main' ansible-navigator.ansible.doc.plugin.name not found in settings file
2023-07-21T10:30:11.618510+00:00 DEBUG 'ansible_navigator.main' ansible-navigator.ansible.doc.plugin.type not found in settings file
2023-07-21T10:30:11.618521+00:00 DEBUG 'ansible_navigator.main' ansible-navigator.execution-environment.pull.arguments not found in settings file
2023-07-21T10:30:11.618532+00:00 DEBUG 'ansible_navigator.main' ansible-navigator.execution-environment.environment-variables.set not found in settings file
2023-07-21T10:30:11.618550+00:00 DEBUG 'ansible_navigator.main' ansible-navigator.settings.effective not found in settings file
2023-07-21T10:30:11.618562+00:00 DEBUG 'ansible_navigator.main' ansible-navigator.settings.sample not found in settings file
2023-07-21T10:30:11.618573+00:00 DEBUG 'ansible_navigator.main' ansible-navigator.settings.schema not found in settings file
2023-07-21T10:30:11.618586+00:00 DEBUG 'ansible_navigator.main' ansible-navigator.settings.sources not found in settings file
2023-07-21T10:30:11.618601+00:00 DEBUG 'ansible_navigator.main' ansible-navigator.time-zone not found in settings file
2023-07-21T10:30:11.618614+00:00 DEBUG 'ansible_navigator.main' ansible-navigator.ansible-builder.workdir not found in settings file
2023-07-21T10:30:11.618627+00:00 DEBUG 'ansible_navigator.main' EE support enabled: using current working directory for 'ansible.cfg'
2023-07-21T10:30:11.618638+00:00 INFO 'ansible_navigator.main' EE support enabled: no 'ansible.cfg' found in current working directory. Tried /Users/craig/demos/ansible/public_demos/demo_repo/demos/lightspeed_examples/infra/ansible.cfg
2023-07-21T10:30:11.618650+00:00 DEBUG 'ansible_navigator.main' Completed post processing for ansible_runner_artifact_dir. (changed=False)
2023-07-21T10:30:11.618662+00:00 DEBUG 'ansible_navigator.main' Completed post processing for ansible_runner_rotate_artifacts_count. (changed=False)
2023-07-21T10:30:11.618674+00:00 DEBUG 'ansible_navigator.main' Completed post processing for ansible_runner_timeout. (changed=False)
2023-07-21T10:30:11.618685+00:00 DEBUG 'ansible_navigator.main' Completed post processing for cmdline. (changed=False)
2023-07-21T10:30:11.618697+00:00 DEBUG 'ansible_navigator.main' Completed post processing for collection_doc_cache_path. (changed=False)
2023-07-21T10:30:11.618708+00:00 DEBUG 'ansible_navigator.main' Completed post processing for container_engine. (changed=False)
2023-07-21T10:30:11.618719+00:00 DEBUG 'ansible_navigator.main' Completed post processing for container_options. (changed=False)
2023-07-21T10:30:11.618730+00:00 DEBUG 'ansible_navigator.main' Completed post processing for display_color. (changed=False)
2023-07-21T10:30:11.618742+00:00 DEBUG 'ansible_navigator.main' Completed post processing for enable_prompts. (changed=False)
2023-07-21T10:30:11.618752+00:00 DEBUG 'ansible_navigator.main' Completed post processing for execution_environment. (changed=False)
2023-07-21T10:30:11.618764+00:00 DEBUG 'ansible_navigator.main' Completed post processing for execution_environment_image. (changed=True)
2023-07-21T10:30:11.618774+00:00 DEBUG 'ansible_navigator.main'  before: 'quay.io/acme_corp/summit_ee'
2023-07-21T10:30:11.618785+00:00 DEBUG 'ansible_navigator.main'  after: 'quay.io/acme_corp/summit_ee:latest'
2023-07-21T10:30:11.618795+00:00 DEBUG 'ansible_navigator.main' Completed post processing for help_builder. (changed=False)
2023-07-21T10:30:11.618807+00:00 DEBUG 'ansible_navigator.main' Completed post processing for help_config. (changed=False)
2023-07-21T10:30:11.618817+00:00 DEBUG 'ansible_navigator.main' Completed post processing for help_doc. (changed=False)
2023-07-21T10:30:11.618829+00:00 DEBUG 'ansible_navigator.main' Completed post processing for help_inventory. (changed=False)
2023-07-21T10:30:11.618841+00:00 DEBUG 'ansible_navigator.main' Completed post processing for help_playbook. (changed=False)
2023-07-21T10:30:11.618852+00:00 DEBUG 'ansible_navigator.main' Completed post processing for images_details. (changed=False)
2023-07-21T10:30:11.618863+00:00 DEBUG 'ansible_navigator.main' Completed post processing for inventory. (changed=False)
2023-07-21T10:30:11.618875+00:00 DEBUG 'ansible_navigator.main' Completed post processing for inventory_column. (changed=False)
2023-07-21T10:30:11.618886+00:00 DEBUG 'ansible_navigator.main' Completed post processing for log_file. (changed=False)
2023-07-21T10:30:11.618897+00:00 DEBUG 'ansible_navigator.main' Completed post processing for pass_environment_variable. (changed=False)
2023-07-21T10:30:11.618907+00:00 DEBUG 'ansible_navigator.main' Completed post processing for playbook. (changed=False)
2023-07-21T10:30:11.618924+00:00 DEBUG 'ansible_navigator.main' Completed post processing for playbook_artifact_replay. (changed=False)
2023-07-21T10:30:11.618936+00:00 DEBUG 'ansible_navigator.main' Completed post processing for playbook_artifact_save_as. (changed=False)
2023-07-21T10:30:11.618947+00:00 DEBUG 'ansible_navigator.main' Completed post processing for plugin_name. (changed=False)
2023-07-21T10:30:11.618958+00:00 DEBUG 'ansible_navigator.main' Completed post processing for pull_arguments. (changed=False)
2023-07-21T10:30:11.618970+00:00 DEBUG 'ansible_navigator.main' Completed post processing for set_environment_variable. (changed=False)
2023-07-21T10:30:11.618980+00:00 DEBUG 'ansible_navigator.main' Completed post processing for settings_effective. (changed=False)
2023-07-21T10:30:11.618991+00:00 DEBUG 'ansible_navigator.main' Completed post processing for settings_sample. (changed=False)
2023-07-21T10:30:11.619002+00:00 DEBUG 'ansible_navigator.main' Completed post processing for settings_schema. (changed=False)
2023-07-21T10:30:11.619013+00:00 DEBUG 'ansible_navigator.main' Completed post processing for settings_sources. (changed=False)
2023-07-21T10:30:11.619025+00:00 DEBUG 'ansible_navigator.main' Completed post processing for time_zone. (changed=False)
2023-07-21T10:30:11.619035+00:00 DEBUG 'ansible_navigator.main' Completed post processing for execution_environment_volume_mounts. (changed=False)
2023-07-21T10:30:11.619047+00:00 DEBUG 'ansible_navigator.main' Completed post processing for mode. (changed=False)
2023-07-21T10:30:11.619059+00:00 DEBUG 'ansible_navigator.main' Completed post processing for playbook_artifact_enable. (changed=False)
2023-07-21T10:30:11.619075+00:00 WARNING 'ansible_navigator.main' Configuration errors encountered, rolling back to previous configuration.
2023-07-21T10:30:11.619087+00:00 DEBUG 'ansible_navigator.main' Prior to rollback: ansible_runner_artifact_dir = 'Not set' (Constants/Not set)
2023-07-21T10:30:11.619098+00:00 DEBUG 'ansible_navigator.main' Prior to rollback: ansible_runner_rotate_artifacts_count = 'Not set' (Constants/Not set)
2023-07-21T10:30:11.619109+00:00 DEBUG 'ansible_navigator.main' Prior to rollback: ansible_runner_timeout = 'Not set' (Constants/Not set)
2023-07-21T10:30:11.619121+00:00 DEBUG 'ansible_navigator.main' Prior to rollback: ansible_runner_write_job_events = 'False' (bool/Defaults)
2023-07-21T10:30:11.619131+00:00 DEBUG 'ansible_navigator.main' Prior to rollback: app = 'replay' (str/Command line)
2023-07-21T10:30:11.619143+00:00 DEBUG 'ansible_navigator.main' Prior to rollback: cmdline = '['-']' (list/Command line)
2023-07-21T10:30:11.619153+00:00 DEBUG 'ansible_navigator.main' Prior to rollback: collection_doc_cache_path = '/Users/craig/.cache/ansible-navigator/collection_doc_cache.db' (str/Defaults)
2023-07-21T10:30:11.619165+00:00 DEBUG 'ansible_navigator.main' Prior to rollback: config = '~/.ssh/.ansible_configs/pvt_ansible.cfg' (str/Environment variable)
2023-07-21T10:30:11.619176+00:00 DEBUG 'ansible_navigator.main' Prior to rollback: container_engine = 'docker' (str/Settings file)
2023-07-21T10:30:11.619187+00:00 DEBUG 'ansible_navigator.main' Prior to rollback: container_options = 'Not set' (Constants/Not set)
2023-07-21T10:30:11.619198+00:00 DEBUG 'ansible_navigator.main' Prior to rollback: display_color = 'True' (bool/Defaults)
2023-07-21T10:30:11.619209+00:00 DEBUG 'ansible_navigator.main' Prior to rollback: editor_command = 'code -g {filename}:{line_number}' (str/Settings file)
2023-07-21T10:30:11.619220+00:00 DEBUG 'ansible_navigator.main' Prior to rollback: editor_console = 'False' (bool/Settings file)
2023-07-21T10:30:11.619231+00:00 DEBUG 'ansible_navigator.main' Prior to rollback: enable_prompts = 'False' (bool/Defaults)
2023-07-21T10:30:11.619242+00:00 DEBUG 'ansible_navigator.main' Prior to rollback: exec_command = '/bin/bash' (str/Defaults)
2023-07-21T10:30:11.619253+00:00 DEBUG 'ansible_navigator.main' Prior to rollback: exec_shell = 'True' (bool/Defaults)
2023-07-21T10:30:11.619267+00:00 DEBUG 'ansible_navigator.main' Prior to rollback: execution_environment = 'True' (bool/Settings file)
2023-07-21T10:30:11.619278+00:00 DEBUG 'ansible_navigator.main' Prior to rollback: execution_environment_image = 'quay.io/acme_corp/summit_ee:latest' (str/Settings file)
2023-07-21T10:30:11.619289+00:00 DEBUG 'ansible_navigator.main' Prior to rollback: execution_environment_volume_mounts = 'Not set' (Constants/Not set)
2023-07-21T10:30:11.619301+00:00 DEBUG 'ansible_navigator.main' Prior to rollback: format = 'yaml' (str/Defaults)
2023-07-21T10:30:11.619312+00:00 DEBUG 'ansible_navigator.main' Prior to rollback: help_builder = 'False' (bool/Defaults)
2023-07-21T10:30:11.619323+00:00 DEBUG 'ansible_navigator.main' Prior to rollback: help_config = 'False' (bool/Defaults)
2023-07-21T10:30:11.619334+00:00 DEBUG 'ansible_navigator.main' Prior to rollback: help_doc = 'False' (bool/Defaults)
2023-07-21T10:30:11.619346+00:00 DEBUG 'ansible_navigator.main' Prior to rollback: help_inventory = 'False' (bool/Defaults)
2023-07-21T10:30:11.619356+00:00 DEBUG 'ansible_navigator.main' Prior to rollback: help_playbook = 'False' (bool/Defaults)
2023-07-21T10:30:11.619367+00:00 DEBUG 'ansible_navigator.main' Prior to rollback: images_details = '['everything']' (list/Defaults)
2023-07-21T10:30:11.619379+00:00 DEBUG 'ansible_navigator.main' Prior to rollback: inventory = 'Not set' (Constants/Not set)
2023-07-21T10:30:11.619389+00:00 DEBUG 'ansible_navigator.main' Prior to rollback: inventory_column = 'Not set' (Constants/Not set)
2023-07-21T10:30:11.619400+00:00 DEBUG 'ansible_navigator.main' Prior to rollback: lint_config = 'Not set' (Constants/Not set)
2023-07-21T10:30:11.619411+00:00 DEBUG 'ansible_navigator.main' Prior to rollback: lintables = 'Not set' (Constants/Not set)
2023-07-21T10:30:11.619422+00:00 DEBUG 'ansible_navigator.main' Prior to rollback: log_append = 'True' (bool/Defaults)
2023-07-21T10:30:11.619434+00:00 DEBUG 'ansible_navigator.main' Prior to rollback: log_file = '/tmp/ansible_navigator.log' (str/Settings file)
2023-07-21T10:30:11.619445+00:00 DEBUG 'ansible_navigator.main' Prior to rollback: log_level = 'warning' (str/Defaults)
2023-07-21T10:30:11.619456+00:00 DEBUG 'ansible_navigator.main' Prior to rollback: mode = 'interactive' (str/Defaults)
2023-07-21T10:30:11.619468+00:00 DEBUG 'ansible_navigator.main' Prior to rollback: osc4 = 'True' (bool/Defaults)
2023-07-21T10:30:11.619479+00:00 DEBUG 'ansible_navigator.main' Prior to rollback: pass_environment_variable = '['AWS_ACCESS_KEY_ID', 'AWS_SECRET_ACCESS_KEY', 'AWS_SESSION_TOKEN', 'RHSM_USERNAME', 'RHSM_PASSWORD', 'RHSM_ORG_ID', 'RHSM_ACTIVATION_KEY', 'RHSM_POOL_IDS', 'REDHAT_USERNAME', 'REDHAT_PASSWORD', 'REDHAT_OFFLINE_TOKEN', 'DEMO_AWS_ACCESS_KEY_ID', 'DEMO_AWS_SECRET_ACCESS_KEY', 'INSIGHTS_USER', 'INSIGHTS_PASSWORD', 'LAB_VAULT_PASSWORD', 'WISDOM_GITHUB_PAT', 'EXPORT_CONTROLLER_HOSTNAME', 'GCP_PROJECT', 'GCP_SERVICE_ACCOUNT_FILE', 'GCP_SERVICE_ACCOUNT', 'ANSIBLE_GALAXY_TOKEN_PATH', 'AZURE_SECRET', 'AZURE_SUBSCRIPTION_ID', 'AZURE_CLIENT_ID', 'AZURE_TENANT', 'ANSIBLE_PRIVATE_KEY_FILE']' (list/Settings file)
2023-07-21T10:30:11.619493+00:00 DEBUG 'ansible_navigator.main' Prior to rollback: playbook = 'Not set' (Constants/Not set)
2023-07-21T10:30:11.619504+00:00 DEBUG 'ansible_navigator.main' Prior to rollback: playbook_artifact_enable = 'True' (bool/Settings file)
2023-07-21T10:30:11.619515+00:00 DEBUG 'ansible_navigator.main' Prior to rollback: playbook_artifact_replay = '/tmp/install_packages-artifact.jsonccd' (str/Command line)
2023-07-21T10:30:11.619526+00:00 DEBUG 'ansible_navigator.main' Prior to rollback: playbook_artifact_save_as = '/tmp/{playbook_name}-artifact.json' (str/Settings file)
2023-07-21T10:30:11.619538+00:00 DEBUG 'ansible_navigator.main' Prior to rollback: plugin_name = 'Not set' (Constants/Not set)
2023-07-21T10:30:11.619549+00:00 DEBUG 'ansible_navigator.main' Prior to rollback: plugin_type = 'module' (str/Defaults)
2023-07-21T10:30:11.619560+00:00 DEBUG 'ansible_navigator.main' Prior to rollback: pull_arguments = 'Not set' (Constants/Not set)
2023-07-21T10:30:11.619576+00:00 DEBUG 'ansible_navigator.main' Prior to rollback: pull_policy = 'missing' (str/Settings file)
2023-07-21T10:30:11.619587+00:00 DEBUG 'ansible_navigator.main' Prior to rollback: set_environment_variable = 'Not set' (Constants/Not set)
2023-07-21T10:30:11.619598+00:00 DEBUG 'ansible_navigator.main' Prior to rollback: settings_effective = 'False' (bool/Defaults)
2023-07-21T10:30:11.619609+00:00 DEBUG 'ansible_navigator.main' Prior to rollback: settings_sample = 'False' (bool/Defaults)
2023-07-21T10:30:11.619620+00:00 DEBUG 'ansible_navigator.main' Prior to rollback: settings_schema = 'json' (str/Defaults)
2023-07-21T10:30:11.619632+00:00 DEBUG 'ansible_navigator.main' Prior to rollback: settings_sources = 'False' (bool/Defaults)
2023-07-21T10:30:11.619642+00:00 DEBUG 'ansible_navigator.main' Prior to rollback: time_zone = 'UTC' (str/Defaults)
2023-07-21T10:30:11.619654+00:00 DEBUG 'ansible_navigator.main' Prior to rollback: workdir = '/Users/craig/demos/ansible/public_demos/demo_repo/demos/lightspeed_examples/infra' (str/Defaults)
2023-07-21T10:30:11.619664+00:00 DEBUG 'ansible_navigator.main' After rollback: ansible_runner_artifact_dir = 'Not set' (Constants/Not set)
2023-07-21T10:30:11.619676+00:00 DEBUG 'ansible_navigator.main' After rollback: ansible_runner_rotate_artifacts_count = 'Not set' (Constants/Not set)
2023-07-21T10:30:11.619687+00:00 DEBUG 'ansible_navigator.main' After rollback: ansible_runner_timeout = 'Not set' (Constants/Not set)
2023-07-21T10:30:11.619697+00:00 DEBUG 'ansible_navigator.main' After rollback: ansible_runner_write_job_events = 'Not set' (Constants/Not set)
2023-07-21T10:30:11.619709+00:00 DEBUG 'ansible_navigator.main' After rollback: app = 'Not set' (Constants/Not set)
2023-07-21T10:30:11.619719+00:00 DEBUG 'ansible_navigator.main' After rollback: cmdline = 'Not set' (Constants/Not set)
2023-07-21T10:30:11.619730+00:00 DEBUG 'ansible_navigator.main' After rollback: collection_doc_cache_path = 'Not set' (Constants/Not set)
2023-07-21T10:30:11.619742+00:00 DEBUG 'ansible_navigator.main' After rollback: config = 'Not set' (Constants/Not set)
2023-07-21T10:30:11.619753+00:00 DEBUG 'ansible_navigator.main' After rollback: container_engine = 'Not set' (Constants/Not set)
2023-07-21T10:30:11.619764+00:00 DEBUG 'ansible_navigator.main' After rollback: container_options = 'Not set' (Constants/Not set)
2023-07-21T10:30:11.619775+00:00 DEBUG 'ansible_navigator.main' After rollback: display_color = 'Not set' (Constants/Not set)
2023-07-21T10:30:11.619786+00:00 DEBUG 'ansible_navigator.main' After rollback: editor_command = 'Not set' (Constants/Not set)
2023-07-21T10:30:11.619797+00:00 DEBUG 'ansible_navigator.main' After rollback: editor_console = 'Not set' (Constants/Not set)
2023-07-21T10:30:11.619807+00:00 DEBUG 'ansible_navigator.main' After rollback: enable_prompts = 'Not set' (Constants/Not set)
2023-07-21T10:30:11.619819+00:00 DEBUG 'ansible_navigator.main' After rollback: exec_command = 'Not set' (Constants/Not set)
2023-07-21T10:30:11.619831+00:00 DEBUG 'ansible_navigator.main' After rollback: exec_shell = 'Not set' (Constants/Not set)
2023-07-21T10:30:11.619842+00:00 DEBUG 'ansible_navigator.main' After rollback: execution_environment = 'Not set' (Constants/Not set)
2023-07-21T10:30:11.619853+00:00 DEBUG 'ansible_navigator.main' After rollback: execution_environment_image = 'Not set' (Constants/Not set)
2023-07-21T10:30:11.619864+00:00 DEBUG 'ansible_navigator.main' After rollback: execution_environment_volume_mounts = 'Not set' (Constants/Not set)
2023-07-21T10:30:11.619875+00:00 DEBUG 'ansible_navigator.main' After rollback: format = 'Not set' (Constants/Not set)
2023-07-21T10:30:11.619886+00:00 DEBUG 'ansible_navigator.main' After rollback: help_builder = 'Not set' (Constants/Not set)
2023-07-21T10:30:11.619897+00:00 DEBUG 'ansible_navigator.main' After rollback: help_config = 'Not set' (Constants/Not set)
2023-07-21T10:30:11.619908+00:00 DEBUG 'ansible_navigator.main' After rollback: help_doc = 'Not set' (Constants/Not set)
2023-07-21T10:30:11.619925+00:00 DEBUG 'ansible_navigator.main' After rollback: help_inventory = 'Not set' (Constants/Not set)
2023-07-21T10:30:11.619937+00:00 DEBUG 'ansible_navigator.main' After rollback: help_playbook = 'Not set' (Constants/Not set)
2023-07-21T10:30:11.619948+00:00 DEBUG 'ansible_navigator.main' After rollback: images_details = 'Not set' (Constants/Not set)
2023-07-21T10:30:11.619959+00:00 DEBUG 'ansible_navigator.main' After rollback: inventory = 'Not set' (Constants/Not set)
2023-07-21T10:30:11.619970+00:00 DEBUG 'ansible_navigator.main' After rollback: inventory_column = 'Not set' (Constants/Not set)
2023-07-21T10:30:11.619981+00:00 DEBUG 'ansible_navigator.main' After rollback: lint_config = 'Not set' (Constants/Not set)
2023-07-21T10:30:11.619992+00:00 DEBUG 'ansible_navigator.main' After rollback: lintables = 'Not set' (Constants/Not set)
2023-07-21T10:30:11.620002+00:00 DEBUG 'ansible_navigator.main' After rollback: log_append = 'Not set' (Constants/Not set)
2023-07-21T10:30:11.620014+00:00 DEBUG 'ansible_navigator.main' After rollback: log_file = 'Not set' (Constants/Not set)
2023-07-21T10:30:11.620025+00:00 DEBUG 'ansible_navigator.main' After rollback: log_level = 'Not set' (Constants/Not set)
2023-07-21T10:30:11.620035+00:00 DEBUG 'ansible_navigator.main' After rollback: mode = 'Not set' (Constants/Not set)
2023-07-21T10:30:11.620047+00:00 DEBUG 'ansible_navigator.main' After rollback: osc4 = 'Not set' (Constants/Not set)
2023-07-21T10:30:11.620057+00:00 DEBUG 'ansible_navigator.main' After rollback: pass_environment_variable = 'Not set' (Constants/Not set)
2023-07-21T10:30:11.620069+00:00 DEBUG 'ansible_navigator.main' After rollback: playbook = 'Not set' (Constants/Not set)
2023-07-21T10:30:11.620079+00:00 DEBUG 'ansible_navigator.main' After rollback: playbook_artifact_enable = 'Not set' (Constants/Not set)
2023-07-21T10:30:11.620091+00:00 DEBUG 'ansible_navigator.main' After rollback: playbook_artifact_replay = 'Not set' (Constants/Not set)
2023-07-21T10:30:11.620101+00:00 DEBUG 'ansible_navigator.main' After rollback: playbook_artifact_save_as = 'Not set' (Constants/Not set)
2023-07-21T10:30:11.620113+00:00 DEBUG 'ansible_navigator.main' After rollback: plugin_name = 'Not set' (Constants/Not set)
2023-07-21T10:30:11.620124+00:00 DEBUG 'ansible_navigator.main' After rollback: plugin_type = 'Not set' (Constants/Not set)
2023-07-21T10:30:11.620135+00:00 DEBUG 'ansible_navigator.main' After rollback: pull_arguments = 'Not set' (Constants/Not set)
2023-07-21T10:30:11.620146+00:00 DEBUG 'ansible_navigator.main' After rollback: pull_policy = 'Not set' (Constants/Not set)
2023-07-21T10:30:11.620157+00:00 DEBUG 'ansible_navigator.main' After rollback: set_environment_variable = 'Not set' (Constants/Not set)
2023-07-21T10:30:11.620169+00:00 DEBUG 'ansible_navigator.main' After rollback: settings_effective = 'Not set' (Constants/Not set)
2023-07-21T10:30:11.620179+00:00 DEBUG 'ansible_navigator.main' After rollback: settings_sample = 'Not set' (Constants/Not set)
2023-07-21T10:30:11.620190+00:00 DEBUG 'ansible_navigator.main' After rollback: settings_schema = 'Not set' (Constants/Not set)
2023-07-21T10:30:11.620201+00:00 DEBUG 'ansible_navigator.main' After rollback: settings_sources = 'Not set' (Constants/Not set)
2023-07-21T10:30:11.620212+00:00 DEBUG 'ansible_navigator.main' After rollback: time_zone = 'Not set' (Constants/Not set)
2023-07-21T10:30:11.620223+00:00 DEBUG 'ansible_navigator.main' After rollback: workdir = 'Not set' (Constants/Not set)
2023-07-21T10:30:11.620234+00:00 DEBUG 'ansible_navigator.main' Configuration rollback complete.
2023-07-21T10:30:11.620245+00:00 DEBUG 'ansible_navigator.main' Collection doc cache not mounted
2023-07-21T10:30:11.620264+00:00 WARNING 'ansible_navigator.main' Issues were found while applying the settings.
2023-07-21T10:30:11.620278+00:00 INFO 'ansible_navigator.main' Command provided: 'replay /tmp/install_packages-artifact.jsonccd -'
2023-07-21T10:30:11.620291+00:00 ERROR 'ansible_navigator.main' The specified playbook artifact could not be found: /tmp/install_packages-artifact.jsonccd
2023-07-21T10:30:11.620309+00:00 INFO 'ansible_navigator.main' Try again with 'replay <valid path to playbook artifact>'
2023-07-21T10:30:11.620322+00:00 INFO 'ansible_navigator.main' Configuration failed, using default log file location. (/Users/craig/demos/ansible/public_demos/demo_repo/demos/lightspeed_examples/infra/ansible-navigator.log) Log level set to debug
2023-07-21T10:30:11.620335+00:00 INFO 'ansible_navigator.main' Review the hints and log file to see what went wrong.
